app/build/outputs/logs/manifest-merger-debug-report.txt
-- Merging decision tree log ---
manifest
ADDED from src\main\AndroidManifest.xml:2:1-88:12
INJECTED from src\main\AndroidManifest.xml:2:1-88:12
INJECTED from src\main\AndroidManifest.xml:2:1-88:12
INJECTED from src\main\AndroidManifest.xml:2:1-88:12
MERGED from [android-gif-drawable-release@1.2.17.aar] AndroidManifest.xml:2:1-10:12
MERGED from [lib.5plus.base-release.aar] AndroidManifest.xml:2:1-218:12
MERGED from [miit_mdid_1.0.10.aar] AndroidManifest.xml:1:1-10:12
MERGED from [uniapp-release.aar] AndroidManifest.xml:20:1-37:12
MERGED from [androidx.multidex:multidex:2.0.0] AndroidManifest.xml:17:1-22:12
MERGED from [androidx.legacy:legacy-support-v4:1.0.0-rc01] AndroidManifest.xml:17:1-22:12
MERGED from [androidx.appcompat:appcompat:1.0.0-rc01] AndroidManifest.xml:17:1-22:12
MERGED from [androidx.recyclerview:recyclerview:1.0.0-rc01] AndroidManifest.xml:17:1-22:12
MERGED from [com.facebook.fresco:fresco:1.13.0] AndroidManifest.xml:2:1-9:12
MERGED from [com.facebook.fresco:animated-gif:1.13.0] AndroidManifest.xml:2:1-9:12
MERGED from [com.github.bumptech.glide:glide:4.9.0] AndroidManifest.xml:2:1-12:12
MERGED from [com.google.android.gms:play-services-auth:17.0.0] AndroidManifest.xml:17:1-39:12
MERGED from [:uniplugin_richalert] AndroidManifest.xml:2:1-11:12
MERGED from [:ysplugin_qqlogin] AndroidManifest.xml:2:1-34:12
MERGED from [:uniplugin_google_login] AndroidManifest.xml:2:1-11:12
MERGED from [androidx.media:media:1.0.0-rc01] AndroidManifest.xml:17:1-22:12
MERGED from [androidx.vectordrawable:vectordrawable-animated:1.0.0-rc01] AndroidManifest.xml:17:1-22:12
MERGED from [androidx.vectordrawable:vectordrawable:1.0.0-rc01] AndroidManifest.xml:17:1-22:12
MERGED from [com.google.android.gms:play-services-auth-api-phone:17.0.0] AndroidManifest.xml:2:1-7:12
MERGED from [com.google.android.gms:play-services-auth-base:17.0.0] AndroidManifest.xml:2:1-7:12
MERGED from [com.google.android.gms:play-services-base:17.0.0] AndroidManifest.xml:17:1-29:12
MERGED from [com.google.android.gms:play-services-tasks:17.0.0] AndroidManifest.xml:2:1-9:12
MERGED from [com.google.android.gms:play-services-basement:17.0.0] AndroidManifest.xml:17:1-28:12
MERGED from [androidx.fragment:fragment:1.0.0] AndroidManifest.xml:17:1-22:12
MERGED from [androidx.legacy:legacy-support-core-ui:1.0.0] AndroidManifest.xml:17:1-22:12
MERGED from [androidx.legacy:legacy-support-core-utils:1.0.0] AndroidManifest.xml:17:1-22:12
MERGED from [androidx.loader:loader:1.0.0] AndroidManifest.xml:17:1-22:12
MERGED from [androidx.viewpager:viewpager:1.0.0] AndroidManifest.xml:17:1-22:12
MERGED from [androidx.coordinatorlayout:coordinatorlayout:1.0.0] AndroidManifest.xml:17:1-22:12
MERGED from [androidx.drawerlayout:drawerlayout:1.0.0] AndroidManifest.xml:17:1-22:12
MERGED from [androidx.slidingpanelayout:slidingpanelayout:1.0.0] AndroidManifest.xml:17:1-22:12
MERGED from [androidx.customview:customview:1.0.0] AndroidManifest.xml:17:1-22:12
MERGED from [androidx.swiperefreshlayout:swiperefreshlayout:1.0.0] AndroidManifest.xml:17:1-22:12
MERGED from [androidx.asynclayoutinflater:asynclayoutinflater:1.0.0] AndroidManifest.xml:17:1-22:12
MERGED from [androidx.core:core:1.0.0] AndroidManifest.xml:17:1-24:12
MERGED from [androidx.lifecycle:lifecycle-viewmodel:2.0.0] AndroidManifest.xml:17:1-22:12
MERGED from [androidx.lifecycle:lifecycle-livedata:2.0.0] AndroidManifest.xml:17:1-22:12
MERGED from [androidx.lifecycle:lifecycle-livedata-core:2.0.0] AndroidManifest.xml:17:1-22:12
MERGED from [androidx.arch.core:core-runtime:2.0.0] AndroidManifest.xml:17:1-22:12
MERGED from [androidx.lifecycle:lifecycle-runtime:2.0.0] AndroidManifest.xml:17:1-22:12
MERGED from [androidx.versionedparcelable:versionedparcelable:1.0.0] AndroidManifest.xml:17:1-25:12
MERGED from [androidx.interpolator:interpolator:1.0.0] AndroidManifest.xml:17:1-22:12
MERGED from [androidx.cursoradapter:cursoradapter:1.0.0] AndroidManifest.xml:17:1-22:12
MERGED from [androidx.documentfile:documentfile:1.0.0] AndroidManifest.xml:17:1-22:12
MERGED from [androidx.localbroadcastmanager:localbroadcastmanager:1.0.0] AndroidManifest.xml:17:1-22:12
MERGED from [androidx.print:print:1.0.0] AndroidManifest.xml:17:1-22:12
MERGED from [com.github.bumptech.glide:gifdecoder:4.9.0] AndroidManifest.xml:2:1-11:12
MERGED from [com.facebook.fresco:animated-base:1.13.0] AndroidManifest.xml:2:1-9:12
MERGED from [com.facebook.fresco:animated-drawable:1.13.0] AndroidManifest.xml:2:1-9:12
MERGED from [com.facebook.fresco:drawee:1.13.0] AndroidManifest.xml:2:1-9:12
MERGED from [com.facebook.fresco:nativeimagefilters:1.13.0] AndroidManifest.xml:2:1-9:12
MERGED from [com.facebook.fresco:imagepipeline:1.13.0] AndroidManifest.xml:2:1-9:12
MERGED from [com.facebook.fresco:nativeimagetranscoder:1.13.0] AndroidManifest.xml:2:1-9:12
MERGED from [com.facebook.fresco:imagepipeline-base:1.13.0] AndroidManifest.xml:2:1-9:12
MERGED from [com.facebook.fresco:fbcore:1.13.0] AndroidManifest.xml:2:1-9:12
MERGED from [com.facebook.soloader:soloader:0.6.0] AndroidManifest.xml:2:1-13:12
INJECTED from src\main\AndroidManifest.xml:2:1-88:12
INJECTED from src\main\AndroidManifest.xml:2:1-88:12
INJECTED from src\main\AndroidManifest.xml:2:1-88:12
	package
		ADDED from src\main\AndroidManifest.xml:4:5-37
		INJECTED from src\main\AndroidManifest.xml
		INJECTED from src\main\AndroidManifest.xml
	android:versionName
		INJECTED from src\main\AndroidManifest.xml
		ADDED from src\main\AndroidManifest.xml:2:1-88:12
		INJECTED from src\main\AndroidManifest.xml
	xmlns:tools
		ADDED from src\main\AndroidManifest.xml:3:5-51
	android:versionCode
		INJECTED from src\main\AndroidManifest.xml
		ADDED from src\main\AndroidManifest.xml:2:1-88:12
		INJECTED from src\main\AndroidManifest.xml
	xmlns:android
		ADDED from src\main\AndroidManifest.xml:2:11-69
supports-screens
ADDED from src\main\AndroidManifest.xml:6:5-11:39
MERGED from [lib.5plus.base-release.aar] AndroidManifest.xml:9:5-14:39
MERGED from [lib.5plus.base-release.aar] AndroidManifest.xml:9:5-14:39
	android:largeScreens
		ADDED from src\main\AndroidManifest.xml:8:9-36
	android:smallScreens
		ADDED from src\main\AndroidManifest.xml:11:9-36
	android:normalScreens
		ADDED from src\main\AndroidManifest.xml:9:9-37
	android:resizeable
		ADDED from src\main\AndroidManifest.xml:10:9-34
	android:anyDensity
		ADDED from src\main\AndroidManifest.xml:7:9-34
uses-permission#android.permission.CAMERA
ADDED from src\main\AndroidManifest.xml:14:5-65
	android:name
		ADDED from src\main\AndroidManifest.xml:14:22-62
uses-permission#android.permission.WRITE_EXTERNAL_STORAGE
ADDED from src\main\AndroidManifest.xml:15:5-81
MERGED from [lib.5plus.base-release.aar] AndroidManifest.xml:16:5-81
MERGED from [lib.5plus.base-release.aar] AndroidManifest.xml:16:5-81
	android:name
		ADDED from src\main\AndroidManifest.xml:15:22-78
uses-feature#android.hardware.camera
ADDED from src\main\AndroidManifest.xml:17:5-60
	android:name
		ADDED from src\main\AndroidManifest.xml:17:19-57
uses-feature#android.hardware.camera.autofocus
ADDED from src\main\AndroidManifest.xml:18:5-70
	android:name
		ADDED from src\main\AndroidManifest.xml:18:19-67
uses-permission#android.permission.VIBRATE
ADDED from src\main\AndroidManifest.xml:20:5-66
	android:name
		ADDED from src\main\AndroidManifest.xml:20:22-63
uses-permission#android.permission.FLASHLIGHT
ADDED from src\main\AndroidManifest.xml:21:5-69
	android:name
		ADDED from src\main\AndroidManifest.xml:21:22-66
application
ADDED from src\main\AndroidManifest.xml:24:5-86:19
MERGED from [lib.5plus.base-release.aar] AndroidManifest.xml:58:5-216:19
MERGED from [lib.5plus.base-release.aar] AndroidManifest.xml:58:5-216:19
MERGED from [uniapp-release.aar] AndroidManifest.xml:29:5-35:19
MERGED from [uniapp-release.aar] AndroidManifest.xml:29:5-35:19
MERGED from [com.github.bumptech.glide:glide:4.9.0] AndroidManifest.xml:10:5-20
MERGED from [com.github.bumptech.glide:glide:4.9.0] AndroidManifest.xml:10:5-20
MERGED from [com.google.android.gms:play-services-auth:17.0.0] AndroidManifest.xml:22:5-37:19
MERGED from [com.google.android.gms:play-services-auth:17.0.0] AndroidManifest.xml:22:5-37:19
MERGED from [:ysplugin_qqlogin] AndroidManifest.xml:14:5-32:19
MERGED from [:ysplugin_qqlogin] AndroidManifest.xml:14:5-32:19
MERGED from [com.google.android.gms:play-services-base:17.0.0] AndroidManifest.xml:22:5-27:19
MERGED from [com.google.android.gms:play-services-base:17.0.0] AndroidManifest.xml:22:5-27:19
MERGED from [com.google.android.gms:play-services-tasks:17.0.0] AndroidManifest.xml:7:5-20
MERGED from [com.google.android.gms:play-services-tasks:17.0.0] AndroidManifest.xml:7:5-20
MERGED from [com.google.android.gms:play-services-basement:17.0.0] AndroidManifest.xml:22:5-26:19
MERGED from [com.google.android.gms:play-services-basement:17.0.0] AndroidManifest.xml:22:5-26:19
MERGED from [androidx.core:core:1.0.0] AndroidManifest.xml:22:5-89
MERGED from [androidx.core:core:1.0.0] AndroidManifest.xml:22:5-89
MERGED from [androidx.versionedparcelable:versionedparcelable:1.0.0] AndroidManifest.xml:22:5-23:19
MERGED from [androidx.versionedparcelable:versionedparcelable:1.0.0] AndroidManifest.xml:22:5-23:19
MERGED from [com.github.bumptech.glide:gifdecoder:4.9.0] AndroidManifest.xml:9:5-20
MERGED from [com.github.bumptech.glide:gifdecoder:4.9.0] AndroidManifest.xml:9:5-20
MERGED from [com.facebook.soloader:soloader:0.6.0] AndroidManifest.xml:11:5-20
MERGED from [com.facebook.soloader:soloader:0.6.0] AndroidManifest.xml:11:5-20
	android:appComponentFactory
		ADDED from [androidx.core:core:1.0.0] AndroidManifest.xml:22:18-86
	android:supportsRtl
		ADDED from src\main\AndroidManifest.xml:32:9-35
	android:label
		ADDED from src\main\AndroidManifest.xml:29:9-41
	android:allowClearUserData
		ADDED from src\main\AndroidManifest.xml:27:9-42
	android:debuggable
		ADDED from src\main\AndroidManifest.xml:31:9-34
	android:largeHeap
		ADDED from src\main\AndroidManifest.xml:30:9-33
	android:icon
		ADDED from src\main\AndroidManifest.xml:28:9-38
	android:allowBackup
		ADDED from src\main\AndroidManifest.xml:26:9-35
	android:usesCleartextTraffic
		ADDED from [lib.5plus.base-release.aar] AndroidManifest.xml:61:9-44
	android:name
		ADDED from src\main\AndroidManifest.xml:25:9-63
activity#io.dcloud.PandoraEntry
ADDED from src\main\AndroidManifest.xml:35:9-57:20
	android:hardwareAccelerated
		ADDED from src\main\AndroidManifest.xml:39:13-47
	android:windowSoftInputMode
		ADDED from src\main\AndroidManifest.xml:40:13-55
	android:configChanges
		ADDED from src\main\AndroidManifest.xml:38:13-92
	android:theme
		ADDED from src\main\AndroidManifest.xml:37:13-52
	android:name
		ADDED from src\main\AndroidManifest.xml:36:13-50
intent-filter#action:name:android.intent.action.VIEW+category:name:android.intent.category.BROWSABLE+category:name:android.intent.category.DEFAULT+data:scheme:hbuilder
ADDED from src\main\AndroidManifest.xml:41:13-47:29
data
ADDED from src\main\AndroidManifest.xml:42:17-50
	android:scheme
		ADDED from src\main\AndroidManifest.xml:42:23-48
	android:mimeType
		ADDED from src\main\AndroidManifest.xml:49:23-49
action#android.intent.action.VIEW
ADDED from src\main\AndroidManifest.xml:43:17-68
	android:name
		ADDED from src\main\AndroidManifest.xml:43:25-66
category#android.intent.category.DEFAULT
ADDED from src\main\AndroidManifest.xml:45:17-75
	android:name
		ADDED from src\main\AndroidManifest.xml:45:27-73
category#android.intent.category.BROWSABLE
ADDED from src\main\AndroidManifest.xml:46:17-77
	android:name
		ADDED from src\main\AndroidManifest.xml:46:27-75
intent-filter#action:name:android.intent.action.SEND+category:name:android.intent.category.DEFAULT+data:mimeType:image/*
ADDED from src\main\AndroidManifest.xml:48:13-52:29
action#android.intent.action.SEND
ADDED from src\main\AndroidManifest.xml:50:17-68
	android:name
		ADDED from src\main\AndroidManifest.xml:50:25-66
intent-filter#action:name:android.intent.action.MAIN+category:name:android.intent.category.LAUNCHER
ADDED from src\main\AndroidManifest.xml:53:13-56:29
action#android.intent.action.MAIN
ADDED from src\main\AndroidManifest.xml:54:17-68
	android:name
		ADDED from src\main\AndroidManifest.xml:54:25-66
category#android.intent.category.LAUNCHER
ADDED from src\main\AndroidManifest.xml:55:17-76
	android:name
		ADDED from src\main\AndroidManifest.xml:55:27-74
meta-data#dcloud_uninview_background
ADDED from src\main\AndroidManifest.xml:58:9-59:35
	android:value
		ADDED from src\main\AndroidManifest.xml:59:13-33
	android:name
		ADDED from src\main\AndroidManifest.xml:58:20-61
activity#io.dcloud.PandoraEntryActivity
ADDED from src\main\AndroidManifest.xml:61:9-85:20
	android:screenOrientation
		ADDED from src\main\AndroidManifest.xml:67:13-45
	android:launchMode
		ADDED from src\main\AndroidManifest.xml:63:13-44
	android:hardwareAccelerated
		ADDED from src\main\AndroidManifest.xml:65:13-47
	android:windowSoftInputMode
		ADDED from src\main\AndroidManifest.xml:69:13-55
	android:permission
		ADDED from src\main\AndroidManifest.xml:66:13-89
	android:configChanges
		ADDED from src\main\AndroidManifest.xml:64:13-101
	android:theme
		ADDED from src\main\AndroidManifest.xml:68:13-47
	android:name
		ADDED from src\main\AndroidManifest.xml:62:13-58
intent-filter#action:name:android.intent.action.VIEW+category:name:android.intent.category.BROWSABLE+category:name:android.intent.category.DEFAULT+data:scheme:h56131bcf
ADDED from src\main\AndroidManifest.xml:71:13-84:29
uses-sdk
INJECTED from src\main\AndroidManifest.xml reason: use-sdk injection requested
INJECTED from src\main\AndroidManifest.xml
INJECTED from src\main\AndroidManifest.xml
MERGED from [android-gif-drawable-release@1.2.17.aar] AndroidManifest.xml:6:5-8:41
MERGED from [android-gif-drawable-release@1.2.17.aar] AndroidManifest.xml:6:5-8:41
MERGED from [lib.5plus.base-release.aar] AndroidManifest.xml:7:5-44
MERGED from [lib.5plus.base-release.aar] AndroidManifest.xml:7:5-44
MERGED from [uniapp-release.aar] AndroidManifest.xml:25:5-27:41
MERGED from [uniapp-release.aar] AndroidManifest.xml:25:5-27:41
MERGED from [androidx.multidex:multidex:2.0.0] AndroidManifest.xml:20:5-43
MERGED from [androidx.multidex:multidex:2.0.0] AndroidManifest.xml:20:5-43
MERGED from [androidx.legacy:legacy-support-v4:1.0.0-rc01] AndroidManifest.xml:20:5-44
MERGED from [androidx.legacy:legacy-support-v4:1.0.0-rc01] AndroidManifest.xml:20:5-44
MERGED from [androidx.appcompat:appcompat:1.0.0-rc01] AndroidManifest.xml:20:5-44
MERGED from [androidx.appcompat:appcompat:1.0.0-rc01] AndroidManifest.xml:20:5-44
MERGED from [androidx.recyclerview:recyclerview:1.0.0-rc01] AndroidManifest.xml:20:5-44
MERGED from [androidx.recyclerview:recyclerview:1.0.0-rc01] AndroidManifest.xml:20:5-44
MERGED from [com.facebook.fresco:fresco:1.13.0] AndroidManifest.xml:5:5-7:41
MERGED from [com.facebook.fresco:fresco:1.13.0] AndroidManifest.xml:5:5-7:41
MERGED from [com.facebook.fresco:animated-gif:1.13.0] AndroidManifest.xml:5:5-7:41
MERGED from [com.facebook.fresco:animated-gif:1.13.0] AndroidManifest.xml:5:5-7:41
MERGED from [com.github.bumptech.glide:glide:4.9.0] AndroidManifest.xml:6:5-8:41
MERGED from [com.github.bumptech.glide:glide:4.9.0] AndroidManifest.xml:6:5-8:41
MERGED from [com.google.android.gms:play-services-auth:17.0.0] AndroidManifest.xml:20:5-44
MERGED from [com.google.android.gms:play-services-auth:17.0.0] AndroidManifest.xml:20:5-44
MERGED from [:uniplugin_richalert] AndroidManifest.xml:7:5-9:41
MERGED from [:uniplugin_richalert] AndroidManifest.xml:7:5-9:41
MERGED from [:ysplugin_qqlogin] AndroidManifest.xml:7:5-9:41
MERGED from [:ysplugin_qqlogin] AndroidManifest.xml:7:5-9:41
MERGED from [:uniplugin_google_login] AndroidManifest.xml:7:5-9:41
MERGED from [:uniplugin_google_login] AndroidManifest.xml:7:5-9:41
MERGED from [androidx.media:media:1.0.0-rc01] AndroidManifest.xml:20:5-44
MERGED from [androidx.media:media:1.0.0-rc01] AndroidManifest.xml:20:5-44
MERGED from [androidx.vectordrawable:vectordrawable-animated:1.0.0-rc01] AndroidManifest.xml:20:5-44
MERGED from [androidx.vectordrawable:vectordrawable-animated:1.0.0-rc01] AndroidManifest.xml:20:5-44
MERGED from [androidx.vectordrawable:vectordrawable:1.0.0-rc01] AndroidManifest.xml:20:5-44
MERGED from [androidx.vectordrawable:vectordrawable:1.0.0-rc01] AndroidManifest.xml:20:5-44
MERGED from [com.google.android.gms:play-services-auth-api-phone:17.0.0] AndroidManifest.xml:5:5-44
MERGED from [com.google.android.gms:play-services-auth-api-phone:17.0.0] AndroidManifest.xml:5:5-44
MERGED from [com.google.android.gms:play-services-auth-base:17.0.0] AndroidManifest.xml:5:5-44
MERGED from [com.google.android.gms:play-services-auth-base:17.0.0] AndroidManifest.xml:5:5-44
MERGED from [com.google.android.gms:play-services-base:17.0.0] AndroidManifest.xml:20:5-44
MERGED from [com.google.android.gms:play-services-base:17.0.0] AndroidManifest.xml:20:5-44
MERGED from [com.google.android.gms:play-services-tasks:17.0.0] AndroidManifest.xml:5:5-44
MERGED from [com.google.android.gms:play-services-tasks:17.0.0] AndroidManifest.xml:5:5-44
MERGED from [com.google.android.gms:play-services-basement:17.0.0] AndroidManifest.xml:20:5-44
MERGED from [com.google.android.gms:play-services-basement:17.0.0] AndroidManifest.xml:20:5-44
MERGED from [androidx.fragment:fragment:1.0.0] AndroidManifest.xml:20:5-44
MERGED from [androidx.fragment:fragment:1.0.0] AndroidManifest.xml:20:5-44
MERGED from [androidx.legacy:legacy-support-core-ui:1.0.0] AndroidManifest.xml:20:5-44
MERGED from [androidx.legacy:legacy-support-core-ui:1.0.0] AndroidManifest.xml:20:5-44
MERGED from [androidx.legacy:legacy-support-core-utils:1.0.0] AndroidManifest.xml:20:5-44
MERGED from [androidx.legacy:legacy-support-core-utils:1.0.0] AndroidManifest.xml:20:5-44
MERGED from [androidx.loader:loader:1.0.0] AndroidManifest.xml:20:5-44
MERGED from [androidx.loader:loader:1.0.0] AndroidManifest.xml:20:5-44
MERGED from [androidx.viewpager:viewpager:1.0.0] AndroidManifest.xml:20:5-44
MERGED from [androidx.viewpager:viewpager:1.0.0] AndroidManifest.xml:20:5-44
MERGED from [androidx.coordinatorlayout:coordinatorlayout:1.0.0] AndroidManifest.xml:20:5-44
MERGED from [androidx.coordinatorlayout:coordinatorlayout:1.0.0] AndroidManifest.xml:20:5-44
MERGED from [androidx.drawerlayout:drawerlayout:1.0.0] AndroidManifest.xml:20:5-44
MERGED from [androidx.drawerlayout:drawerlayout:1.0.0] AndroidManifest.xml:20:5-44
MERGED from [androidx.slidingpanelayout:slidingpanelayout:1.0.0] AndroidManifest.xml:20:5-44
MERGED from [androidx.slidingpanelayout:slidingpanelayout:1.0.0] AndroidManifest.xml:20:5-44
MERGED from [androidx.customview:customview:1.0.0] AndroidManifest.xml:20:5-44
MERGED from [androidx.customview:customview:1.0.0] AndroidManifest.xml:20:5-44
MERGED from [androidx.swiperefreshlayout:swiperefreshlayout:1.0.0] AndroidManifest.xml:20:5-44
MERGED from [androidx.swiperefreshlayout:swiperefreshlayout:1.0.0] AndroidManifest.xml:20:5-44
MERGED from [androidx.asynclayoutinflater:asynclayoutinflater:1.0.0] AndroidManifest.xml:20:5-44
MERGED from [androidx.asynclayoutinflater:asynclayoutinflater:1.0.0] AndroidManifest.xml:20:5-44
MERGED from [androidx.core:core:1.0.0] AndroidManifest.xml:20:5-44
MERGED from [androidx.core:core:1.0.0] AndroidManifest.xml:20:5-44
MERGED from [androidx.lifecycle:lifecycle-viewmodel:2.0.0] AndroidManifest.xml:20:5-44
MERGED from [androidx.lifecycle:lifecycle-viewmodel:2.0.0] AndroidManifest.xml:20:5-44
MERGED from [androidx.lifecycle:lifecycle-livedata:2.0.0] AndroidManifest.xml:20:5-44
MERGED from [androidx.lifecycle:lifecycle-livedata:2.0.0] AndroidManifest.xml:20:5-44
MERGED from [androidx.lifecycle:lifecycle-livedata-core:2.0.0] AndroidManifest.xml:20:5-44
MERGED from [androidx.lifecycle:lifecycle-livedata-core:2.0.0] AndroidManifest.xml:20:5-44
MERGED from [androidx.arch.core:core-runtime:2.0.0] AndroidManifest.xml:20:5-44
MERGED from [androidx.arch.core:core-runtime:2.0.0] AndroidManifest.xml:20:5-44
MERGED from [androidx.lifecycle:lifecycle-runtime:2.0.0] AndroidManifest.xml:20:5-44
MERGED from [androidx.lifecycle:lifecycle-runtime:2.0.0] AndroidManifest.xml:20:5-44
MERGED from [androidx.versionedparcelable:versionedparcelable:1.0.0] AndroidManifest.xml:20:5-44
MERGED from [androidx.versionedparcelable:versionedparcelable:1.0.0] AndroidManifest.xml:20:5-44
MERGED from [androidx.interpolator:interpolator:1.0.0] AndroidManifest.xml:20:5-44
MERGED from [androidx.interpolator:interpolator:1.0.0] AndroidManifest.xml:20:5-44
MERGED from [androidx.cursoradapter:cursoradapter:1.0.0] AndroidManifest.xml:20:5-44
MERGED from [androidx.cursoradapter:cursoradapter:1.0.0] AndroidManifest.xml:20:5-44
MERGED from [androidx.documentfile:documentfile:1.0.0] AndroidManifest.xml:20:5-44
MERGED from [androidx.documentfile:documentfile:1.0.0] AndroidManifest.xml:20:5-44
MERGED from [androidx.localbroadcastmanager:localbroadcastmanager:1.0.0] AndroidManifest.xml:20:5-44
MERGED from [androidx.localbroadcastmanager:localbroadcastmanager:1.0.0] AndroidManifest.xml:20:5-44
MERGED from [androidx.print:print:1.0.0] AndroidManifest.xml:20:5-44
MERGED from [androidx.print:print:1.0.0] AndroidManifest.xml:20:5-44
MERGED from [com.github.bumptech.glide:gifdecoder:4.9.0] AndroidManifest.xml:5:5-7:41
MERGED from [com.github.bumptech.glide:gifdecoder:4.9.0] AndroidManifest.xml:5:5-7:41
MERGED from [com.facebook.fresco:animated-base:1.13.0] AndroidManifest.xml:5:5-7:41
MERGED from [com.facebook.fresco:animated-base:1.13.0] AndroidManifest.xml:5:5-7:41
MERGED from [com.facebook.fresco:animated-drawable:1.13.0] AndroidManifest.xml:5:5-7:41
MERGED from [com.facebook.fresco:animated-drawable:1.13.0] AndroidManifest.xml:5:5-7:41
MERGED from [com.facebook.fresco:drawee:1.13.0] AndroidManifest.xml:5:5-7:41
MERGED from [com.facebook.fresco:drawee:1.13.0] AndroidManifest.xml:5:5-7:41
MERGED from [com.facebook.fresco:nativeimagefilters:1.13.0] AndroidManifest.xml:5:5-7:41
MERGED from [com.facebook.fresco:nativeimagefilters:1.13.0] AndroidManifest.xml:5:5-7:41
MERGED from [com.facebook.fresco:imagepipeline:1.13.0] AndroidManifest.xml:5:5-7:41
MERGED from [com.facebook.fresco:imagepipeline:1.13.0] AndroidManifest.xml:5:5-7:41
MERGED from [com.facebook.fresco:nativeimagetranscoder:1.13.0] AndroidManifest.xml:5:5-7:41
MERGED from [com.facebook.fresco:nativeimagetranscoder:1.13.0] AndroidManifest.xml:5:5-7:41
MERGED from [com.facebook.fresco:imagepipeline-base:1.13.0] AndroidManifest.xml:5:5-7:41
MERGED from [com.facebook.fresco:imagepipeline-base:1.13.0] AndroidManifest.xml:5:5-7:41
MERGED from [com.facebook.fresco:fbcore:1.13.0] AndroidManifest.xml:5:5-7:41
MERGED from [com.facebook.fresco:fbcore:1.13.0] AndroidManifest.xml:5:5-7:41
MERGED from [com.facebook.soloader:soloader:0.6.0] AndroidManifest.xml:7:5-9:41
MERGED from [com.facebook.soloader:soloader:0.6.0] AndroidManifest.xml:7:5-9:41
INJECTED from src\main\AndroidManifest.xml
INJECTED from src\main\AndroidManifest.xml
	android:targetSdkVersion
		INJECTED from src\main\AndroidManifest.xml
		ADDED from src\main\AndroidManifest.xml
		INJECTED from src\main\AndroidManifest.xml
	android:minSdkVersion
		INJECTED from src\main\AndroidManifest.xml
		ADDED from src\main\AndroidManifest.xml
		INJECTED from src\main\AndroidManifest.xml
uses-permission#android.permission.INTERNET
ADDED from [lib.5plus.base-release.aar] AndroidManifest.xml:17:5-67
MERGED from [miit_mdid_1.0.10.aar] AndroidManifest.xml:6:5-67
MERGED from [miit_mdid_1.0.10.aar] AndroidManifest.xml:6:5-67
MERGED from [:ysplugin_qqlogin] AndroidManifest.xml:12:5-67
MERGED from [:ysplugin_qqlogin] AndroidManifest.xml:12:5-67
	android:name
		ADDED from [lib.5plus.base-release.aar] AndroidManifest.xml:17:22-64
uses-permission#android.permission.ACCESS_NETWORK_STATE
ADDED from [lib.5plus.base-release.aar] AndroidManifest.xml:18:5-79
MERGED from [miit_mdid_1.0.10.aar] AndroidManifest.xml:4:5-79
MERGED from [miit_mdid_1.0.10.aar] AndroidManifest.xml:4:5-79
MERGED from [:ysplugin_qqlogin] AndroidManifest.xml:11:5-79
MERGED from [:ysplugin_qqlogin] AndroidManifest.xml:11:5-79
	android:name
		ADDED from [lib.5plus.base-release.aar] AndroidManifest.xml:18:22-76
uses-permission#com.android.launcher.permission.UNINSTALL_SHORTCUT
ADDED from [lib.5plus.base-release.aar] AndroidManifest.xml:19:5-90
	android:name
		ADDED from [lib.5plus.base-release.aar] AndroidManifest.xml:19:22-87
uses-permission#com.huawei.android.launcher.permission.CHANGE_BADGE
ADDED from [lib.5plus.base-release.aar] AndroidManifest.xml:21:5-91
	android:name
		ADDED from [lib.5plus.base-release.aar] AndroidManifest.xml:21:22-88
uses-permission#com.android.launcher.permission.INSTALL_SHORTCUT
ADDED from [lib.5plus.base-release.aar] AndroidManifest.xml:22:5-88
	android:name
		ADDED from [lib.5plus.base-release.aar] AndroidManifest.xml:22:22-85
uses-permission#com.android.launcher.permission.READ_SETTINGS
ADDED from [lib.5plus.base-release.aar] AndroidManifest.xml:23:5-85
	android:name
		ADDED from [lib.5plus.base-release.aar] AndroidManifest.xml:23:22-82
uses-permission#com.android.launcher2.permission.READ_SETTINGS
ADDED from [lib.5plus.base-release.aar] AndroidManifest.xml:24:5-86
	android:name
		ADDED from [lib.5plus.base-release.aar] AndroidManifest.xml:24:22-83
uses-permission#com.android.launcher3.permission.READ_SETTINGS
ADDED from [lib.5plus.base-release.aar] AndroidManifest.xml:25:5-86
	android:name
		ADDED from [lib.5plus.base-release.aar] AndroidManifest.xml:25:22-83
uses-permission#com.yulong.android.launcherL.permission.READ_SETTINGS
ADDED from [lib.5plus.base-release.aar] AndroidManifest.xml:26:5-93
	android:name
		ADDED from [lib.5plus.base-release.aar] AndroidManifest.xml:26:22-90
uses-permission#com.meizu.flyme.launcher.permission.READ_SETTINGS
ADDED from [lib.5plus.base-release.aar] AndroidManifest.xml:27:5-89
	android:name
		ADDED from [lib.5plus.base-release.aar] AndroidManifest.xml:27:22-86
uses-permission#com.bbk.launcher2.permission.READ_SETTINGS
ADDED from [lib.5plus.base-release.aar] AndroidManifest.xml:28:5-82
	android:name
		ADDED from [lib.5plus.base-release.aar] AndroidManifest.xml:28:22-79
uses-permission#com.oppo.launcher.permission.READ_SETTINGS
ADDED from [lib.5plus.base-release.aar] AndroidManifest.xml:29:5-82
	android:name
		ADDED from [lib.5plus.base-release.aar] AndroidManifest.xml:29:22-79
uses-permission#com.htc.launcher.permission.READ_SETTINGS
ADDED from [lib.5plus.base-release.aar] AndroidManifest.xml:30:5-81
	android:name
		ADDED from [lib.5plus.base-release.aar] AndroidManifest.xml:30:22-78
uses-permission#com.qiku.launcher.permission.READ_SETTINGS
ADDED from [lib.5plus.base-release.aar] AndroidManifest.xml:31:5-82
	android:name
		ADDED from [lib.5plus.base-release.aar] AndroidManifest.xml:31:22-79
uses-permission#com.huawei.android.launcher.permission.READ_SETTINGS
ADDED from [lib.5plus.base-release.aar] AndroidManifest.xml:32:5-92
	android:name
		ADDED from [lib.5plus.base-release.aar] AndroidManifest.xml:32:22-89
uses-permission#com.zte.mifavor.launcher.permission.READ_SETTINGS
ADDED from [lib.5plus.base-release.aar] AndroidManifest.xml:33:5-89
	android:name
		ADDED from [lib.5plus.base-release.aar] AndroidManifest.xml:33:22-86
uses-permission#com.lenovo.launcher.permission.READ_SETTINGS
ADDED from [lib.5plus.base-release.aar] AndroidManifest.xml:34:5-84
	android:name
		ADDED from [lib.5plus.base-release.aar] AndroidManifest.xml:34:22-81
uses-permission#com.google.android.launcher.permission.READ_SETTINGS
ADDED from [lib.5plus.base-release.aar] AndroidManifest.xml:35:5-92
	android:name
		ADDED from [lib.5plus.base-release.aar] AndroidManifest.xml:35:22-89
uses-permission#com.yulong.android.launcher3.READ_SETTINGS
ADDED from [lib.5plus.base-release.aar] AndroidManifest.xml:36:5-82
	android:name
		ADDED from [lib.5plus.base-release.aar] AndroidManifest.xml:36:22-79
uses-permission#org.adw.launcher.permission.READ_SETTINGS
ADDED from [lib.5plus.base-release.aar] AndroidManifest.xml:37:5-81
	android:name
		ADDED from [lib.5plus.base-release.aar] AndroidManifest.xml:37:22-78
uses-permission#com.qihoo360.launcher.permission.READ_SETTINGS
ADDED from [lib.5plus.base-release.aar] AndroidManifest.xml:38:5-86
	android:name
		ADDED from [lib.5plus.base-release.aar] AndroidManifest.xml:38:22-83
uses-permission#com.lge.launcher.permission.READ_SETTINGS
ADDED from [lib.5plus.base-release.aar] AndroidManifest.xml:39:5-81
	android:name
		ADDED from [lib.5plus.base-release.aar] AndroidManifest.xml:39:22-78
uses-permission#net.qihoo.launcher.permission.READ_SETTINGS
ADDED from [lib.5plus.base-release.aar] AndroidManifest.xml:40:5-83
	android:name
		ADDED from [lib.5plus.base-release.aar] AndroidManifest.xml:40:22-80
uses-permission#org.adwfreak.launcher.permission.READ_SETTINGS
ADDED from [lib.5plus.base-release.aar] AndroidManifest.xml:41:5-86
	android:name
		ADDED from [lib.5plus.base-release.aar] AndroidManifest.xml:41:22-83
uses-permission#org.adw.launcher_donut.permission.READ_SETTINGS
ADDED from [lib.5plus.base-release.aar] AndroidManifest.xml:42:5-87
	android:name
		ADDED from [lib.5plus.base-release.aar] AndroidManifest.xml:42:22-84
uses-permission#com.huawei.launcher3.permission.READ_SETTINGS
ADDED from [lib.5plus.base-release.aar] AndroidManifest.xml:43:5-85
	android:name
		ADDED from [lib.5plus.base-release.aar] AndroidManifest.xml:43:22-82
uses-permission#com.fede.launcher.permission.READ_SETTINGS
ADDED from [lib.5plus.base-release.aar] AndroidManifest.xml:44:5-82
	android:name
		ADDED from [lib.5plus.base-release.aar] AndroidManifest.xml:44:22-79
uses-permission#com.sec.android.app.twlauncher.settings.READ_SETTINGS
ADDED from [lib.5plus.base-release.aar] AndroidManifest.xml:45:5-93
	android:name
		ADDED from [lib.5plus.base-release.aar] AndroidManifest.xml:45:22-90
uses-permission#com.tencent.qqlauncher.permission.READ_SETTINGS
ADDED from [lib.5plus.base-release.aar] AndroidManifest.xml:46:5-87
	android:name
		ADDED from [lib.5plus.base-release.aar] AndroidManifest.xml:46:22-84